This is TeX, Version 3.1415 (C version 6.1) (format=lplain 94.12.7)  1 SEP 1995 12:17
**anomal.tex
(anomal.tex
LaTeX2e <1994/06/01>
(/usr/local/lib/texmf/tex/latex2e/base/latex209.def
File: latex209.def 1994/06/01 Standard LaTeX file

Entering LaTeX 2.09 compatibility mode.
\footheight=\dimen102
\@maxsep=\dimen103
\@dblmaxsep=\dimen104
(/usr/local/lib/texmf/tex/latex2e/base/tracefnt.sty
Package: tracefnt 1994/05/29 v2.3k Standard LaTeX package (font tracing)
\tracingfonts=\count82
LaTeX Info: Redefining \selectfont on input line 113.
)
\symbold=\mathgroup4
\symsans=\mathgroup5
\symtypewriter=\mathgroup6
\symitalic=\mathgroup7
\symsmallcaps=\mathgroup8
\symslanted=\mathgroup9
LaTeX Font Info:    Redeclaring math alphabet \mathbf on input line 179.
LaTeX Font Info:    Redeclaring math alphabet \mathsf on input line 180.
LaTeX Font Info:    Redeclaring math alphabet \mathtt on input line 181.
LaTeX Font Info:    Redeclaring math alphabet \mathit on input line 187.
LaTeX Info: Redefining \em on input line 197.

(/usr/local/lib/texmf/tex/latex2e/base/latexsym.sty
Package: latexsym 1994/05/27 v2.1e Standard LaTeX package (lasy symbols)
\symlasy=\mathgroup10
LaTeX Font Info:    Overwriting symbol font `lasy' in version `bold'
(Font)                  U/lasy/m/n --> U/lasy/b/n on input line 47.
)
LaTeX Font Info:    Redeclaring math delimiter \lgroup on input line 262.
LaTeX Font Info:    Redeclaring math delimiter \rgroup on input line 264.
LaTeX Font Info:    Redeclaring math delimiter \bracevert on input line 266.
)
Compatibility mode: loading revtex.sty rather than revtex.cls.

(/afs/andrew.cmu.edu/mcs/bio/chessdata/revtexdir/revstyles/revtex.sty
Filename: revtex.sty, v3.0 <27 October 92>
(/afs/andrew.cmu.edu/mcs/bio/chessdata/revtexdir/revstyles/aps.sty
Filename: aps.sty, v3.0 <28 October 1992>
REVTeX message: NFSS detected! Assuming NFSS.
(/afs/andrew.cmu.edu/mcs/bio/chessdata/revtexdir/revstyles/aps12.sty
Filename: aps12.sty, v3.0 <2 October 1992>
)
\c@part=\count83
\c@section=\count84
\c@subsection=\count85
\c@subsubsection=\count86
\c@paragraph=\count87
\c@subparagraph=\count88
\@indentflag=\count89
\@eqtoeqnum=\dimen105
\c@eqletter=\count90
\c@equation=\count91
\@testboxa=\box25
\@testboxb=\box26
 (/afs/andrew.cmu.edu/mcs/bio/chessdata/revtexdir/revstyles/prabib.sty
Filename: prabib.sty, v3.0 <9/14/92>
\WidestRefLabelThusFar=\dimen106
)
\c@figure=\count92
\c@table=\count93
\c@tablenote=\count94
\@Ldec=\dimen107
\@Rdec=\dimen108
)) (/usr/local/lib/texmf/tex/latex209/dvips/epsf.sty
\epsffilein=\read1
\epsfxsize=\dimen109
\epsfysize=\dimen110
\epsftsize=\dimen111
\epsfrsize=\dimen112
\epsftmp=\dimen113
\pspoints=\dimen114
) (anomal.aux)
LaTeX Font Info:    Checking defaults for T1/cmr/m/n on input line 3.
LaTeX Font Info:    ... okay on input line 3.
LaTeX Font Info:    Checking defaults for OT1/cmr/m/n on input line 3.
LaTeX Font Info:    ... okay on input line 3.
LaTeX Font Info:    Checking defaults for OML/cmm/m/it on input line 3.
LaTeX Font Info:    ... okay on input line 3.
LaTeX Font Info:    Checking defaults for OMS/cmsy/m/n on input line 3.
LaTeX Font Info:    ... okay on input line 3.
LaTeX Font Info:    Checking defaults for OMX/cmex/m/n on input line 3.
LaTeX Font Info:    ... okay on input line 3.
LaTeX Font Info:    Checking defaults for U/cmr/m/n on input line 3.
LaTeX Font Info:    ... okay on input line 3.
 [0

]
LaTeX Font Info:    No math setup on input line 21.
LaTeX Font Info:    External font `cmex10' loaded for size
(Font)              <12> on input line 21.
LaTeX Font Info:    External font `cmex10' loaded for size
(Font)              <8> on input line 21.
LaTeX Font Info:    External font `cmex10' loaded for size
(Font)              <6> on input line 21.
LaTeX Font Info:    Try loading font information for U+lasy on input line 21.

(/usr/local/lib/texmf/tex/latex2e/base/Ulasy.fd
File: Ulasy.fd 1994/05/27 v2.1eLaTeX symbol font definitions
)
LaTeX Font Info:    No math setup on input line 21.
LaTeX Font Info:    External font `cmex10' loaded for size
(Font)              <10.95> on input line 21.
 [1] [2]
LaTeX Font Info:    No math setup on input line 65.
 [3] [4] [5] [6]
[7] [8] [9] [10] [11]
LaTeX Font Info:    No math setup on input line 415.
LaTeX Font Info:    No math setup on input line 416.
 [12] [13] [14] [15] [16] [17]
LaTeX Font Info:    No math setup on input line 617.
 [18] [19] (anomal.aux) ) 
Here is how much of TeX's memory you used:
 656 strings out of 11075
 6501 string characters out of 74288
 54667 words of memory out of 262141
 3426 multiletter control sequences out of 9500
 15449 words of font info for 56 fonts, out of 100000 for 255
 14 hyphenation exceptions out of 607
 25i,5n,23p,490b,211s stack positions out of 300i,100n,60p,3000b,4000s

Output written on anomal.dvi (20 pages, 45480 bytes).
