This is TeX, Version 3.1415 (C version 6.1) (format=lplain 94.12.7)  4 NOV 1997 09:45
**gel_mdl_chap.tex
(gel_mdl_chap.tex
LaTeX2e <1994/06/01>
! Undefined control sequence.
l.1 \chapter
            {Order and Disorder in Gel Phase Lipid Bilayers}
? 

! LaTeX Error: Missing \begin{document}.

See the LaTeX manual or LaTeX Companion for explanation.
Type  H <return>  for immediate help.
 ...                                              
                                                  
l.1 \chapter{O
              rder and Disorder in Gel Phase Lipid Bilayers}
? 
Missing character: There is no O in font nullfont!
Missing character: There is no r in font nullfont!
Missing character: There is no d in font nullfont!
Missing character: There is no e in font nullfont!
Missing character: There is no r in font nullfont!
Missing character: There is no a in font nullfont!
Missing character: There is no n in font nullfont!
Missing character: There is no d in font nullfont!
Missing character: There is no D in font nullfont!
Missing character: There is no i in font nullfont!
Missing character: There is no s in font nullfont!
Missing character: There is no o in font nullfont!
Missing character: There is no r in font nullfont!
Missing character: There is no d in font nullfont!
Missing character: There is no e in font nullfont!
Missing character: There is no r in font nullfont!
Missing character: There is no i in font nullfont!
Missing character: There is no n in font nullfont!
Missing character: There is no G in font nullfont!
Missing character: There is no e in font nullfont!
Missing character: There is no l in font nullfont!
Missing character: There is no P in font nullfont!
Missing character: There is no h in font nullfont!
Missing character: There is no a in font nullfont!
Missing character: There is no s in font nullfont!
Missing character: There is no e in font nullfont!
Missing character: There is no L in font nullfont!
Missing character: There is no i in font nullfont!
Missing character: There is no p in font nullfont!
Missing character: There is no i in font nullfont!
Missing character: There is no d in font nullfont!
Missing character: There is no B in font nullfont!
Missing character: There is no i in font nullfont!
Missing character: There is no l in font nullfont!
Missing character: There is no a in font nullfont!
Missing character: There is no y in font nullfont!
Missing character: There is no e in font nullfont!
Missing character: There is no r in font nullfont!
Missing character: There is no s in font nullfont!

! LaTeX Error: File `gel_model_dir/intro.tex' not found.

Type X to quit or <RETURN> to proceed,
or enter new name. (Default extension: tex)

Enter file name: 

! LaTeX Error: File `gel_model_dir/results.tex' not found.

Type X to quit or <RETURN> to proceed,
or enter new name. (Default extension: tex)

Enter file name: 

! LaTeX Error: File `gel_model_dir/theory.tex' not found.

Type X to quit or <RETURN> to proceed,
or enter new name. (Default extension: tex)

Enter file name: 

! LaTeX Error: File `gel_model_dir/fitting.tex' not found.

Type X to quit or <RETURN> to proceed,
or enter new name. (Default extension: tex)

Enter file name: 

! LaTeX Error: File `gel_model_dir/diffuse.tex' not found.

Type X to quit or <RETURN> to proceed,
or enter new name. (Default extension: tex)

Enter file name: 
! Emergency stop.
<read *> 
         
l.9 \input{gel_model_dir/diffuse}
                                 ^^M
End of file on the terminal!

 
Here is how much of TeX's memory you used:
 14 strings out of 11075
 150 string characters out of 74288
 40924 words of memory out of 262141
 2857 multiletter control sequences out of 9500
 3640 words of font info for 14 fonts, out of 100000 for 255
 14 hyphenation exceptions out of 607
 5i,0n,4p,76b,15s stack positions out of 300i,100n,60p,3000b,4000s
No pages of output.
