This is pdfTeX, Version 3.1415926-1.40.10 (TeX Live 2009/Debian) (format=latex 2013.6.10)  12 JUL 2013 18:08
entering extended mode
 %&-line parsing enabled.
**transmission.tex
(./transmission.tex
LaTeX2e <2009/09/24>
Babel <v3.8l> and hyphenation patterns for english, usenglishmax, dumylang, noh
yphenation, loaded.
(/usr/share/texmf-texlive/tex/latex/base/article.cls
Document Class: article 2007/10/19 v1.4h Standard LaTeX document class
(/usr/share/texmf-texlive/tex/latex/base/size12.clo
File: size12.clo 2007/10/19 v1.4h Standard LaTeX file (size option)
)
\c@part=\count79
\c@section=\count80
\c@subsection=\count81
\c@subsubsection=\count82
\c@paragraph=\count83
\c@subparagraph=\count84
\c@figure=\count85
\c@table=\count86
\abovecaptionskip=\skip41
\belowcaptionskip=\skip42
\bibindent=\dimen102
)
(/usr/share/texmf-texlive/tex/latex/graphics/graphicx.sty
Package: graphicx 1999/02/16 v1.0f Enhanced LaTeX Graphics (DPC,SPQR)

(/usr/share/texmf-texlive/tex/latex/graphics/keyval.sty
Package: keyval 1999/03/16 v1.13 key=value parser (DPC)
\KV@toks@=\toks14
)
(/usr/share/texmf-texlive/tex/latex/graphics/graphics.sty
Package: graphics 2009/02/05 v1.0o Standard LaTeX Graphics (DPC,SPQR)

(/usr/share/texmf-texlive/tex/latex/graphics/trig.sty
Package: trig 1999/03/16 v1.09 sin cos tan (DPC)
)
(/etc/texmf/tex/latex/config/graphics.cfg
File: graphics.cfg 2009/08/28 v1.8 graphics configuration of TeX Live
)
Package graphics Info: Driver file: dvips.def on input line 91.

(/usr/share/texmf-texlive/tex/latex/graphics/dvips.def
File: dvips.def 1999/02/16 v3.0i Driver-dependant file (DPC,SPQR)
))
\Gin@req@height=\dimen103
\Gin@req@width=\dimen104
)
(/usr/share/texmf-texlive/tex/latex/tools/tabularx.sty
Package: tabularx 1999/01/07 v2.07 `tabularx' package (DPC)

(/usr/share/texmf-texlive/tex/latex/tools/array.sty
Package: array 2008/09/09 v2.4c Tabular extension package (FMi)
\col@sep=\dimen105
\extrarowheight=\dimen106
\NC@list=\toks15
\extratabsurround=\skip43
\backup@length=\skip44
)
\TX@col@width=\dimen107
\TX@old@table=\dimen108
\TX@old@col=\dimen109
\TX@target=\dimen110
\TX@delta=\dimen111
\TX@cols=\count87
\TX@ftn=\toks16
)
(/usr/share/texmf-texlive/tex/latex/subfig/subfig.sty
Package: subfig 2005/06/28 ver: 1.3 subfig package

(/usr/share/texmf-texlive/tex/latex/caption/caption.sty
Package: caption 2009/10/09 v3.1k Customizing captions (AR)

(/usr/share/texmf-texlive/tex/latex/caption/caption3.sty
Package: caption3 2009/10/09 v3.1k caption3 kernel (AR)
\captionmargin=\dimen112
\captionmargin@=\dimen113
\captionwidth=\dimen114
\caption@indent=\dimen115
\caption@parindent=\dimen116
\caption@hangindent=\dimen117
)
\c@ContinuedFloat=\count88
)
\c@KVtest=\count89
\sf@farskip=\skip45
\sf@captopadj=\dimen118
\sf@capskip=\skip46
\sf@nearskip=\skip47
\c@subfigure=\count90
\c@subfigure@save=\count91
\c@lofdepth=\count92
\c@subtable=\count93
\c@subtable@save=\count94
\c@lotdepth=\count95
\sf@top=\skip48
\sf@bottom=\skip49
)
(/usr/share/texmf-texlive/tex/latex/tools/bm.sty
Package: bm 2004/02/26 v1.1c Bold Symbol Support (DPC/FMi)
\symboldoperators=\mathgroup4
\symboldletters=\mathgroup5
\symboldsymbols=\mathgroup6
LaTeX Font Info:    Redeclaring math alphabet \mathbf on input line 138.
LaTeX Info: Redefining \bm on input line 204.
)
(/usr/share/texmf-texlive/tex/latex/graphics/color.sty
Package: color 2005/11/14 v1.0j Standard LaTeX Color (DPC)

(/etc/texmf/tex/latex/config/color.cfg
File: color.cfg 2007/01/18 v1.5 color configuration of teTeX/TeXLive
)
Package color Info: Driver file: dvips.def on input line 130.

(/usr/share/texmf-texlive/tex/latex/graphics/dvipsnam.def
File: dvipsnam.def 1999/02/16 v3.0i Driver-dependant file (DPC,SPQR)
))
(/usr/share/texmf-texlive/tex/latex/amsmath/amsmath.sty
Package: amsmath 2000/07/18 v2.13 AMS math features
\@mathmargin=\skip50

For additional information on amsmath, use the `?' option.
(/usr/share/texmf-texlive/tex/latex/amsmath/amstext.sty
Package: amstext 2000/06/29 v2.01

(/usr/share/texmf-texlive/tex/latex/amsmath/amsgen.sty
File: amsgen.sty 1999/11/30 v2.0
\@emptytoks=\toks17
\ex@=\dimen119
))
(/usr/share/texmf-texlive/tex/latex/amsmath/amsbsy.sty
Package: amsbsy 1999/11/29 v1.2d
LaTeX Info: Redefining \boldsymbol on input line 54.
\pmbraise@=\dimen120
)
(/usr/share/texmf-texlive/tex/latex/amsmath/amsopn.sty
Package: amsopn 1999/12/14 v2.01 operator names
)
\inf@bad=\count96
LaTeX Info: Redefining \frac on input line 211.
\uproot@=\count97
\leftroot@=\count98
LaTeX Info: Redefining \overline on input line 307.
\classnum@=\count99
\DOTSCASE@=\count100
LaTeX Info: Redefining \ldots on input line 379.
LaTeX Info: Redefining \dots on input line 382.
LaTeX Info: Redefining \cdots on input line 467.
\Mathstrutbox@=\box26
\strutbox@=\box27
\big@size=\dimen121
LaTeX Font Info:    Redeclaring font encoding OML on input line 567.
LaTeX Font Info:    Redeclaring font encoding OMS on input line 568.
\macc@depth=\count101
\c@MaxMatrixCols=\count102
\dotsspace@=\muskip10
\c@parentequation=\count103
\dspbrk@lvl=\count104
\tag@help=\toks18
\row@=\count105
\column@=\count106
\maxfields@=\count107
\andhelp@=\toks19
\eqnshift@=\dimen122
\alignsep@=\dimen123
\tagshift@=\dimen124
\tagwidth@=\dimen125
\totwidth@=\dimen126
\lineht@=\dimen127
\@envbody=\toks20
\multlinegap=\skip51
\multlinetaggap=\skip52
\mathdisplay@stack=\toks21
LaTeX Info: Redefining \[ on input line 2666.
LaTeX Info: Redefining \] on input line 2667.
)
(/usr/share/texmf-texlive/tex/latex/jknapltx/mathrsfs.sty
Package: mathrsfs 1996/01/01 Math RSFS package v1.0 (jk)
\symrsfs=\mathgroup7
)
(/usr/share/texmf-texlive/tex/latex/amsfonts/amssymb.sty
Package: amssymb 2009/06/22 v3.00

(/usr/share/texmf-texlive/tex/latex/amsfonts/amsfonts.sty
Package: amsfonts 2009/06/22 v3.00 Basic AMSFonts support
\symAMSa=\mathgroup8
\symAMSb=\mathgroup9
LaTeX Font Info:    Overwriting math alphabet `\mathfrak' in version `bold'
(Font)                  U/euf/m/n --> U/euf/b/n on input line 96.
))
(/usr/share/texmf-texlive/tex/latex/amscls/amsthm.sty
Package: amsthm 2004/08/06 v2.20
\thm@style=\toks22
\thm@bodyfont=\toks23
\thm@headfont=\toks24
\thm@notefont=\toks25
\thm@headpunct=\toks26
\thm@preskip=\skip53
\thm@postskip=\skip54
\thm@headsep=\skip55
\dth@everypar=\toks27
)
(/usr/share/texmf-texlive/tex/latex/base/newlfont.sty
Package: newlfont 1998/08/17 v2.2m Standard LaTeX package
LaTeX Info: Redefining \em on input line 67.

(/usr/share/texmf-texlive/tex/latex/base/latexsym.sty
Package: latexsym 1998/08/17 v2.2e Standard LaTeX package (lasy symbols)
\symlasy=\mathgroup10
LaTeX Font Info:    Overwriting symbol font `lasy' in version `bold'
(Font)                  U/lasy/m/n --> U/lasy/b/n on input line 47.
))
(/usr/share/texmf-texlive/tex/latex/oberdiek/epstopdf.sty
Package: epstopdf 2009/10/17 v2.4 Conversion with epstopdf on the fly (HO)

(/usr/share/texmf-texlive/tex/latex/oberdiek/epstopdf-base.sty
Package: epstopdf-base 2009/10/17 v2.4 Base part for package epstopdf

(/usr/share/texmf-texlive/tex/generic/oberdiek/infwarerr.sty
Package: infwarerr 2007/09/09 v1.2 Providing info/warning/message (HO)
)
(/usr/share/texmf-texlive/tex/latex/oberdiek/grfext.sty
Package: grfext 2007/09/30 v1.0 Managing graphics extensions (HO)
)
(/usr/share/texmf-texlive/tex/latex/oberdiek/kvoptions.sty
Package: kvoptions 2009/08/13 v3.4 Keyval support for LaTeX options (HO)

(/usr/share/texmf-texlive/tex/generic/oberdiek/kvsetkeys.sty
Package: kvsetkeys 2009/07/30 v1.5 Key value parser with default handler suppor
t (HO)

(/usr/share/texmf-texlive/tex/generic/oberdiek/etexcmds.sty
Package: etexcmds 2007/12/12 v1.2 Prefix for e-TeX command names (HO)
Package etexcmds Info: Could not find \expanded.
(etexcmds)             That can mean that you are not using pdfTeX 1.50 or
(etexcmds)             that some package has redefined \expanded.
(etexcmds)             In the latter case, load this package earlier.
)))
(/usr/share/texmf-texlive/tex/generic/oberdiek/pdftexcmds.sty
Package: pdftexcmds 2009/09/23 v0.6 LuaTeX support for pdfTeX utility functions
 (HO)

(/usr/share/texmf-texlive/tex/generic/oberdiek/ifluatex.sty
Package: ifluatex 2009/04/17 v1.2 Provides the ifluatex switch (HO)
Package ifluatex Info: LuaTeX not detected.
)
(/usr/share/texmf-texlive/tex/generic/oberdiek/ltxcmds.sty
Package: ltxcmds 2009/08/05 v1.0 Some LaTeX kernel commands for general use (HO
)
)
Package pdftexcmds Info: LuaTeX not detected.
Package pdftexcmds Info: \pdf@primitive is available.
Package pdftexcmds Info: \pdf@ifprimitive is available.
)

Package epstopdf Warning: Other drivers than `pdftex.def' are not supported.

)) (./transmission.aux)
\openout1 = `transmission.aux'.

LaTeX Font Info:    Checking defaults for OML/cmm/m/it on input line 27.
LaTeX Font Info:    ... okay on input line 27.
LaTeX Font Info:    Checking defaults for T1/cmr/m/n on input line 27.
LaTeX Font Info:    ... okay on input line 27.
LaTeX Font Info:    Checking defaults for OT1/cmr/m/n on input line 27.
LaTeX Font Info:    ... okay on input line 27.
LaTeX Font Info:    Checking defaults for OMS/cmsy/m/n on input line 27.
LaTeX Font Info:    ... okay on input line 27.
LaTeX Font Info:    Checking defaults for OMX/cmex/m/n on input line 27.
LaTeX Font Info:    ... okay on input line 27.
LaTeX Font Info:    Checking defaults for U/cmr/m/n on input line 27.
LaTeX Font Info:    ... okay on input line 27.
Package caption Info: Begin \AtBeginDocument code.
Package caption3 Info: subfig package 1.2 or 1.3 is loaded.
LaTeX Info: Redefining \subref on input line 27.
Package caption Info: End \AtBeginDocument code.
 (./transmission.toc
LaTeX Font Info:    Try loading font information for U+rsfs on input line 10.

(/usr/share/texmf-texlive/tex/latex/jknapltx/ursfs.fd
File: ursfs.fd 1998/03/24 rsfs font definition file (jk)
)
LaTeX Font Info:    Try loading font information for U+msa on input line 10.

(/usr/share/texmf-texlive/tex/latex/amsfonts/umsa.fd
File: umsa.fd 2009/06/22 v3.00 AMS symbols A
)
LaTeX Font Info:    Try loading font information for U+msb on input line 10.

(/usr/share/texmf-texlive/tex/latex/amsfonts/umsb.fd
File: umsb.fd 2009/06/22 v3.00 AMS symbols B
)
LaTeX Font Info:    Try loading font information for U+lasy on input line 10.

(/usr/share/texmf-texlive/tex/latex/base/ulasy.fd
File: ulasy.fd 1998/08/17 v2.2e LaTeX symbol font definitions
))
\tf@toc=\write3
\openout3 = `transmission.toc'.

 (./transmission.lof
[1

] [2])
\tf@lof=\write4
\openout4 = `transmission.lof'.

 (./transmission.lot)
\tf@lot=\write5
\openout5 = `transmission.lot'.

 [3]
LaTeX Font Info:    Try loading font information for OMS+cmr on input line 39.

(/usr/share/texmf-texlive/tex/latex/base/omscmr.fd
File: omscmr.fd 1999/05/25 v2.5h Standard LaTeX font definitions
)
LaTeX Font Info:    Font shape `OMS/cmr/m/n' in size <12> not available
(Font)              Font shape `OMS/cmsy/m/n' tried instead on input line 39.
 [4]

! LaTeX Error: File `holderdrawing1' not found.

See the LaTeX manual or LaTeX Companion for explanation.
Type  H <return>  for immediate help.
 ...                                              
                                                  
l.66 	\label{fig:holderdrawing1}}
                                 
I could not locate the file with any of these extensions:
.eps,.ps,.eps.gz,.ps.gz,.eps.Z
Try typing  <return>  to proceed.
If that doesn't work, type  X <return>  to quit.


Overfull \hbox (4.94456pt too wide) in paragraph at lines 66--66
[]\OT1/cmr/m/n/10 (a)
 []


Overfull \hbox (10.50012pt too wide) in paragraph at lines 66--66
|\OT1/cmr/m/n/10 Side
 []


Overfull \hbox (11.889pt too wide) in paragraph at lines 66--66
\OT1/cmr/m/n/10 view
 []


Overfull \hbox (19.41681pt too wide) in paragraph at lines 66--66
\OT1/cmr/m/n/10 holder
 []


Overfull \hbox (11.61124pt too wide) in paragraph at lines 66--66
\OT1/cmr/m/n/10 with
 []


Overfull \hbox (2.77788pt too wide) in paragraph at lines 66--66
\OT1/cmr/m/n/10 its
 []


Overfull \hbox (3.83344pt too wide) in paragraph at lines 66--66
\OT1/cmr/m/n/10 di-
 []


Overfull \hbox (13.83345pt too wide) in paragraph at lines 66--66
\OT1/cmr/m/n/10 men-
 []


Overfull \hbox (16.1668pt too wide) in paragraph at lines 66--66
\OT1/cmr/m/n/10 sions.
 []


Underfull \hbox (badness 10000) in paragraph at lines 66--66
\OT1/cmr/m/n/10 A
 []


Overfull \hbox (12.7779pt too wide) in paragraph at lines 66--66
\OT1/cmr/m/n/10 sam-
 []


Overfull \hbox (4.94455pt too wide) in paragraph at lines 66--66
\OT1/cmr/m/n/10 ple
 []


Overfull \hbox (19.4446pt too wide) in paragraph at lines 66--66
\OT1/cmr/m/n/10 (lipids
 []


Overfull \hbox (8.27791pt too wide) in paragraph at lines 66--66
\OT1/cmr/m/n/10 and
 []


Underfull \hbox (badness 10000) in paragraph at lines 66--66
\OT1/cmr/m/n/10 a
 []


Overfull \hbox (12.83345pt too wide) in paragraph at lines 66--66
\OT1/cmr/m/n/10 glass
 []


Overfull \hbox (14.69455pt too wide) in paragraph at lines 66--66
\OT1/cmr/m/n/10 cover
 []


Overfull \hbox (11.11124pt too wide) in paragraph at lines 66--66
\OT1/cmr/m/n/10 slip)
 []


Underfull \hbox (badness 10000) in paragraph at lines 66--66
\OT1/cmr/m/n/10 is
 []


Overfull \hbox (19.1668pt too wide) in paragraph at lines 66--66
\OT1/cmr/m/n/10 shown
 []


Overfull \hbox (2.72234pt too wide) in paragraph at lines 66--66
\OT1/cmr/m/n/10 by
 []


Underfull \hbox (badness 10000) in paragraph at lines 66--66
\OT1/cmr/m/n/10 a
 []


Overfull \hbox (10.50012pt too wide) in paragraph at lines 66--66
\OT1/cmr/m/n/10 blue
 []


Overfull \hbox (12.19453pt too wide) in paragraph at lines 66--66
\OT1/cmr/m/n/10 rect-
 []


Overfull \hbox (6.05566pt too wide) in paragraph at lines 66--66
\OT1/cmr/m/n/10 an-
 []


Overfull \hbox (7.16678pt too wide) in paragraph at lines 66--66
\OT1/cmr/m/n/10 gle.| 
 []


! LaTeX Error: File `holderdrawing2' not found.

See the LaTeX manual or LaTeX Companion for explanation.
Type  H <return>  for immediate help.
 ...                                              
                                                  
l.70 	\label{fig:holderdrawing2}}
                                 
I could not locate the file with any of these extensions:
.eps,.ps,.eps.gz,.ps.gz,.eps.Z
Try typing  <return>  to proceed.
If that doesn't work, type  X <return>  to quit.


Overfull \hbox (5.50012pt too wide) in paragraph at lines 70--70
[]\OT1/cmr/m/n/10 (b)
 []


Overfull \hbox (10.50012pt too wide) in paragraph at lines 70--70
|\OT1/cmr/m/n/10 Side
 []


Overfull \hbox (8.27791pt too wide) in paragraph at lines 70--70
\OT1/cmr/m/n/10 and
 []


Overfull \hbox (6.61124pt too wide) in paragraph at lines 70--70
\OT1/cmr/m/n/10 top
 []


Overfull \hbox (15.83345pt too wide) in paragraph at lines 70--70
\OT1/cmr/m/n/10 views
 []


Overfull \hbox (6.05566pt too wide) in paragraph at lines 70--70
\OT1/cmr/m/n/10 the
 []


Overfull \hbox (19.41681pt too wide) in paragraph at lines 70--70
\OT1/cmr/m/n/10 holder
 []


Overfull \hbox (1.05566pt too wide) in paragraph at lines 70--70
\OT1/cmr/m/n/10 at
 []


Overfull \hbox (6.05566pt too wide) in paragraph at lines 70--70
\OT1/cmr/m/n/10 the
 []


Overfull \hbox (13.86124pt too wide) in paragraph at lines 70--70
\OT1/cmr/m/n/10 tran-
 []


Overfull \hbox (10.55566pt too wide) in paragraph at lines 70--70
\OT1/cmr/m/n/10 mis-
 []


Overfull \hbox (9.44456pt too wide) in paragraph at lines 70--70
\OT1/cmr/m/n/10 sion
 []


Overfull \hbox (6.05566pt too wide) in paragraph at lines 70--70
\OT1/cmr/m/n/10 an-
 []


Overfull \hbox (4.38899pt too wide) in paragraph at lines 70--70
\OT1/cmr/m/n/10 gle
 []


Overfull \hbox (16.94455pt too wide) in paragraph at lines 70--70
\OT1/cmr/m/n/10 show-
 []


Overfull \hbox (5.50012pt too wide) in paragraph at lines 70--70
\OT1/cmr/m/n/10 ing
 []


Overfull \hbox (9.66678pt too wide) in paragraph at lines 70--70
\OT1/cmr/m/n/10 how
 []


Overfull \hbox (6.05566pt too wide) in paragraph at lines 70--70
\OT1/cmr/m/n/10 the
 []


Overfull \hbox (15.77792pt too wide) in paragraph at lines 70--70
\OT1/cmr/m/n/10 beam
 []


Overfull \hbox (11.61122pt too wide) in paragraph at lines 70--70
\OT1/cmr/m/n/10 (yel-
 []


Overfull \hbox (6.88899pt too wide) in paragraph at lines 70--70
\OT1/cmr/m/n/10 low
 []


Overfull \hbox (4.41676pt too wide) in paragraph at lines 70--70
\OT1/cmr/m/n/10 ar-
 []


Overfull \hbox (11.91678pt too wide) in paragraph at lines 70--70
\OT1/cmr/m/n/10 row)
 []


Overfull \hbox (8.33345pt too wide) in paragraph at lines 70--70
\OT1/cmr/m/n/10 hits
 []


Overfull \hbox (6.05566pt too wide) in paragraph at lines 70--70
\OT1/cmr/m/n/10 the
 []


Overfull \hbox (12.7779pt too wide) in paragraph at lines 70--70
\OT1/cmr/m/n/10 sam-
 []


Overfull \hbox (7.72234pt too wide) in paragraph at lines 70--70
\OT1/cmr/m/n/10 ple.| 
 []


! LaTeX Error: File `SampleHolder1' not found.

See the LaTeX manual or LaTeX Companion for explanation.
Type  H <return>  for immediate help.
 ...                                              
                                                  
l.79 ...aphics[width=0.3\textwidth]{SampleHolder1}
                                                  
I could not locate the file with any of these extensions:
.eps,.ps,.eps.gz,.ps.gz,.eps.Z
Try typing  <return>  to proceed.
If that doesn't work, type  X <return>  to quit.


! LaTeX Error: File `SampleHolder2' not found.

See the LaTeX manual or LaTeX Companion for explanation.
Type  H <return>  for immediate help.
 ...                                              
                                                  
l.80 ...aphics[width=0.3\textwidth]{SampleHolder2}
                                                  
I could not locate the file with any of these extensions:
.eps,.ps,.eps.gz,.ps.gz,.eps.Z
Try typing  <return>  to proceed.
If that doesn't work, type  X <return>  to quit.


! LaTeX Error: File `SampleHolder3' not found.

See the LaTeX manual or LaTeX Companion for explanation.
Type  H <return>  for immediate help.
 ...                                              
                                                  
l.81 ...aphics[width=0.3\textwidth]{SampleHolder3}
                                                  
I could not locate the file with any of these extensions:
.eps,.ps,.eps.gz,.ps.gz,.eps.Z
Try typing  <return>  to proceed.
If that doesn't work, type  X <return>  to quit.

[5]

! LaTeX Error: File `chamber1' not found.

See the LaTeX manual or LaTeX Companion for explanation.
Type  H <return>  for immediate help.
 ...                                              
                                                  
l.91 ...udegraphics[width=0.8\textwidth]{chamber1}
                                                  
I could not locate the file with any of these extensions:
.eps,.ps,.eps.gz,.ps.gz,.eps.Z
Try typing  <return>  to proceed.
If that doesn't work, type  X <return>  to quit.


! LaTeX Error: File `chamber2' not found.

See the LaTeX manual or LaTeX Companion for explanation.
Type  H <return>  for immediate help.
 ...                                              
                                                  
l.92 ...udegraphics[width=0.8\textwidth]{chamber2}
                                                  
I could not locate the file with any of these extensions:
.eps,.ps,.eps.gz,.ps.gz,.eps.Z
Try typing  <return>  to proceed.
If that doesn't work, type  X <return>  to quit.


! LaTeX Error: File `chamber3' not found.

See the LaTeX manual or LaTeX Companion for explanation.
Type  H <return>  for immediate help.
 ...                                              
                                                  
l.93 ...udegraphics[width=0.8\textwidth]{chamber3}
                                                  
I could not locate the file with any of these extensions:
.eps,.ps,.eps.gz,.ps.gz,.eps.Z
Try typing  <return>  to proceed.
If that doesn't work, type  X <return>  to quit.


! LaTeX Error: File `ChamberGeometry' not found.

See the LaTeX manual or LaTeX Companion for explanation.
Type  H <return>  for immediate help.
 ...                                              
                                                  
l.102 ...aphics[width=\textwidth]{ChamberGeometry}
                                                  
I could not locate the file with any of these extensions:
.eps,.ps,.eps.gz,.ps.gz,.eps.Z
Try typing  <return>  to proceed.
If that doesn't work, type  X <return>  to quit.


! LaTeX Error: File `beam_qr' not found.

See the LaTeX manual or LaTeX Companion for explanation.
Type  H <return>  for immediate help.
 ...                                              
                                                  
l.111 ...degraphics[width=0.5\textwidth]{beam_qr}}
                                                  
I could not locate the file with any of these extensions:
.eps,.ps,.eps.gz,.ps.gz,.eps.Z
Try typing  <return>  to proceed.
If that doesn't work, type  X <return>  to quit.


Overfull \hbox (8.86119pt too wide) in paragraph at lines 111--111
[]\OT1/cmr/m/n/10 (a)
 []


Overfull \hbox (20.94455pt too wide) in paragraph at lines 111--111
|\OT1/cmr/m/n/10 Beam
 []


Overfull \hbox (13.88896pt too wide) in paragraph at lines 111--111
\OT1/cmr/m/n/10 pro-
 []


Overfull \hbox (8.86118pt too wide) in paragraph at lines 111--111
\OT1/cmr/m/n/10 file
 []


Overfull \hbox (4.41673pt too wide) in paragraph at lines 111--111
\OT1/cmr/m/n/10 in
 []


Overfull \hbox (4.97575pt too wide) in paragraph at lines 111--111
\OML/cmm/m/it/10 q[]$| 
 []


! LaTeX Error: File `beam_qz' not found.

See the LaTeX manual or LaTeX Companion for explanation.
Type  H <return>  for immediate help.
 ...                                              
                                                  
l.113 ...degraphics[width=0.5\textwidth]{beam_qz}}
                                                  
I could not locate the file with any of these extensions:
.eps,.ps,.eps.gz,.ps.gz,.eps.Z
Try typing  <return>  to proceed.
If that doesn't work, type  X <return>  to quit.


Overfull \hbox (9.41675pt too wide) in paragraph at lines 113--113
[]\OT1/cmr/m/n/10 (b)
 []


Overfull \hbox (20.94455pt too wide) in paragraph at lines 113--113
|\OT1/cmr/m/n/10 Beam
 []


Overfull \hbox (13.88896pt too wide) in paragraph at lines 113--113
\OT1/cmr/m/n/10 pro-
 []


Overfull \hbox (8.86118pt too wide) in paragraph at lines 113--113
\OT1/cmr/m/n/10 file
 []


Overfull \hbox (4.41673pt too wide) in paragraph at lines 113--113
\OT1/cmr/m/n/10 in
 []


Overfull \hbox (5.15518pt too wide) in paragraph at lines 113--113
\OML/cmm/m/it/10 q[]$| 
 []

[6] [7]

! LaTeX Error: File `leveling_np1' not found.

See the LaTeX manual or LaTeX Companion for explanation.
Type  H <return>  for immediate help.
 ...                                              
                                                  
l.127 ...phics[width=0.5\textwidth]{leveling_np1}}
                                                  
I could not locate the file with any of these extensions:
.eps,.ps,.eps.gz,.ps.gz,.eps.Z
Try typing  <return>  to proceed.
If that doesn't work, type  X <return>  to quit.


Overfull \hbox (8.86119pt too wide) in paragraph at lines 127--127
[]\OT1/cmr/m/n/10 (a)
 []


Overfull \hbox (2.66669pt too wide) in paragraph at lines 127--127
|$\OML/cmm/m/it/10 !$
 []


Overfull \hbox (3.86118pt too wide) in paragraph at lines 127--127
\OT1/cmr/m/n/10 =
 []


Overfull \hbox (21.23622pt too wide) in paragraph at lines 127--127
\OMS/cmsy/m/n/10 ^^@\OT1/cmr/m/n/10 0\OML/cmm/m/it/10 :\OT1/cmr/m/n/10 1$$[]$| 

 []


! LaTeX Error: File `leveling_0' not found.

See the LaTeX manual or LaTeX Companion for explanation.
Type  H <return>  for immediate help.
 ...                                              
                                                  
l.129 ...raphics[width=0.5\textwidth]{leveling_0}}
                                                  
I could not locate the file with any of these extensions:
.eps,.ps,.eps.gz,.ps.gz,.eps.Z
Try typing  <return>  to proceed.
If that doesn't work, type  X <return>  to quit.


Overfull \hbox (9.41675pt too wide) in paragraph at lines 129--129
[]\OT1/cmr/m/n/10 (b)
 []


Overfull \hbox (2.66669pt too wide) in paragraph at lines 129--129
|$\OML/cmm/m/it/10 !$
 []


Overfull \hbox (3.86118pt too wide) in paragraph at lines 129--129
\OT1/cmr/m/n/10 =
 []


Overfull \hbox (5.68062pt too wide) in paragraph at lines 129--129
\OT1/cmr/m/n/10 0$[]$| 
 []


! LaTeX Error: File `leveling_pp1' not found.

See the LaTeX manual or LaTeX Companion for explanation.
Type  H <return>  for immediate help.
 ...                                              
                                                  
l.132 ...phics[width=0.5\textwidth]{leveling_pp1}}
                                                  
I could not locate the file with any of these extensions:
.eps,.ps,.eps.gz,.ps.gz,.eps.Z
Try typing  <return>  to proceed.
If that doesn't work, type  X <return>  to quit.


Overfull \hbox (8.30562pt too wide) in paragraph at lines 132--132
[]\OT1/cmr/m/n/10 (c)
 []


Overfull \hbox (2.66669pt too wide) in paragraph at lines 132--132
|$\OML/cmm/m/it/10 !$
 []


Overfull \hbox (3.86118pt too wide) in paragraph at lines 132--132
\OT1/cmr/m/n/10 =
 []


Overfull \hbox (13.45842pt too wide) in paragraph at lines 132--132
\OT1/cmr/m/n/10 0.1$[]$| 
 []


! LaTeX Error: File `leveling_pp2' not found.

See the LaTeX manual or LaTeX Companion for explanation.
Type  H <return>  for immediate help.
 ...                                              
                                                  
l.134 ...phics[width=0.5\textwidth]{leveling_pp2}}
                                                  
I could not locate the file with any of these extensions:
.eps,.ps,.eps.gz,.ps.gz,.eps.Z
Try typing  <return>  to proceed.
If that doesn't work, type  X <return>  to quit.


Overfull \hbox (9.41675pt too wide) in paragraph at lines 134--134
[]\OT1/cmr/m/n/10 (d)
 []


Overfull \hbox (2.66669pt too wide) in paragraph at lines 134--134
|$\OML/cmm/m/it/10 !$
 []


Overfull \hbox (3.86118pt too wide) in paragraph at lines 134--134
\OT1/cmr/m/n/10 =
 []


Overfull \hbox (13.45842pt too wide) in paragraph at lines 134--134
\OT1/cmr/m/n/10 0.2$[]$| 
 []


! LaTeX Error: File `leveling_0_1' not found.

See the LaTeX manual or LaTeX Companion for explanation.
Type  H <return>  for immediate help.
 ...                                              
                                                  
l.145 ...phics[width=0.5\textwidth]{leveling_0_1}}
                                                  
I could not locate the file with any of these extensions:
.eps,.ps,.eps.gz,.ps.gz,.eps.Z
Try typing  <return>  to proceed.
If that doesn't work, type  X <return>  to quit.


Overfull \hbox (8.86119pt too wide) in paragraph at lines 145--145
[]\OT1/cmr/m/n/10 (a)
 []


Overfull \hbox (2.66669pt too wide) in paragraph at lines 145--145
|$\OML/cmm/m/it/10 !$
 []


Overfull \hbox (3.86118pt too wide) in paragraph at lines 145--145
\OT1/cmr/m/n/10 =
 []


Overfull \hbox (5.68062pt too wide) in paragraph at lines 145--145
\OT1/cmr/m/n/10 0$[]$| 
 []


! LaTeX Error: File `leveling_pp1_1' not found.

See the LaTeX manual or LaTeX Companion for explanation.
Type  H <return>  for immediate help.
 ...                                              
                                                  
l.147 ...ics[width=0.5\textwidth]{leveling_pp1_1}}
                                                  
I could not locate the file with any of these extensions:
.eps,.ps,.eps.gz,.ps.gz,.eps.Z
Try typing  <return>  to proceed.
If that doesn't work, type  X <return>  to quit.


Overfull \hbox (9.41675pt too wide) in paragraph at lines 147--147
[]\OT1/cmr/m/n/10 (b)
 []


Overfull \hbox (2.66669pt too wide) in paragraph at lines 147--147
|$\OML/cmm/m/it/10 !$
 []


Overfull \hbox (3.86118pt too wide) in paragraph at lines 147--147
\OT1/cmr/m/n/10 =
 []


Overfull \hbox (13.45842pt too wide) in paragraph at lines 147--147
\OT1/cmr/m/n/10 0.1$[]$| 
 []


! LaTeX Error: File `leveling_pp2_1' not found.

See the LaTeX manual or LaTeX Companion for explanation.
Type  H <return>  for immediate help.
 ...                                              
                                                  
l.150 ...ics[width=0.5\textwidth]{leveling_pp2_1}}
                                                  
I could not locate the file with any of these extensions:
.eps,.ps,.eps.gz,.ps.gz,.eps.Z
Try typing  <return>  to proceed.
If that doesn't work, type  X <return>  to quit.


Overfull \hbox (8.30562pt too wide) in paragraph at lines 150--150
[]\OT1/cmr/m/n/10 (c)
 []


Overfull \hbox (2.66669pt too wide) in paragraph at lines 150--150
|$\OML/cmm/m/it/10 !$
 []


Overfull \hbox (3.86118pt too wide) in paragraph at lines 150--150
\OT1/cmr/m/n/10 =
 []


Overfull \hbox (13.45842pt too wide) in paragraph at lines 150--150
\OT1/cmr/m/n/10 0.2$[]$| 
 []

[8] [9]

! LaTeX Error: File `AgBeh_22' not found.

See the LaTeX manual or LaTeX Companion for explanation.
Type  H <return>  for immediate help.
 ...                                              
                                                  
l.162 ...egraphics[width=0.45\textwidth]{AgBeh_22}
                                                  
I could not locate the file with any of these extensions:
.eps,.ps,.eps.gz,.ps.gz,.eps.Z
Try typing  <return>  to proceed.
If that doesn't work, type  X <return>  to quit.


! LaTeX Error: File `AgBeh_sdist_22' not found.

See the LaTeX manual or LaTeX Companion for explanation.
Type  H <return>  for immediate help.
 ...                                              
                                                  
l.163 ...ics[width=0.45\textwidth]{AgBeh_sdist_22}
                                                  
I could not locate the file with any of these extensions:
.eps,.ps,.eps.gz,.ps.gz,.eps.Z
Try typing  <return>  to proceed.
If that doesn't work, type  X <return>  to quit.


! LaTeX Error: File `AgBehComparison' not found.

See the LaTeX manual or LaTeX Companion for explanation.
Type  H <return>  for immediate help.
 ...                                              
                                                  
l.172 ...aphics[width=\textwidth]{AgBehComparison}
                                                  
I could not locate the file with any of these extensions:
.eps,.ps,.eps.gz,.ps.gz,.eps.Z
Try typing  <return>  to proceed.
If that doesn't work, type  X <return>  to quit.


! LaTeX Error: File `sgeometry' not found.

See the LaTeX manual or LaTeX Companion for explanation.
Type  H <return>  for immediate help.
 ...                                              
                                                  
l.222 ...egraphics[width=0.5\textwidth]{sgeometry}
                                                  
I could not locate the file with any of these extensions:
.eps,.ps,.eps.gz,.ps.gz,.eps.Z
Try typing  <return>  to proceed.
If that doesn't work, type  X <return>  to quit.


! LaTeX Error: File `AgBeh_n28' not found.

See the LaTeX manual or LaTeX Companion for explanation.
Type  H <return>  for immediate help.
 ...                                              
                                                  
l.231 		\label{fig:AgBeh28}}
                            
I could not locate the file with any of these extensions:
.eps,.ps,.eps.gz,.ps.gz,.eps.Z
Try typing  <return>  to proceed.
If that doesn't work, type  X <return>  to quit.


Overfull \hbox (4.94456pt too wide) in paragraph at lines 231--231
[]\OT1/cmr/m/n/10 (a)
 []


Overfull \hbox (5.50012pt too wide) in paragraph at lines 231--231
|\OT1/cmr/m/n/10 On
 []


Overfull \hbox (12.83345pt too wide) in paragraph at lines 231--231
\OT1/cmr/m/n/10 glass
 []


Overfull \hbox (14.69455pt too wide) in paragraph at lines 231--231
\OT1/cmr/m/n/10 cover
 []


Overfull \hbox (10.00012pt too wide) in paragraph at lines 231--231
\OT1/cmr/m/n/10 slip.
 []


Underfull \hbox (badness 10000) in paragraph at lines 231--231
\OML/cmm/m/it/10 !$
 []


Underfull \hbox (badness 10000) in paragraph at lines 231--231
\OT1/cmr/m/n/10 =
 []


Overfull \hbox (9.5418pt too wide) in paragraph at lines 231--231
\OT1/cmr/m/n/10 45$[]$.| 
 []


! LaTeX Error: File `AgBeh_5' not found.

See the LaTeX manual or LaTeX Companion for explanation.
Type  H <return>  for immediate help.
 ...                                              
                                                  
l.239 		\label{fig:AgBeh5}}
                           
I could not locate the file with any of these extensions:
.eps,.ps,.eps.gz,.ps.gz,.eps.Z
Try typing  <return>  to proceed.
If that doesn't work, type  X <return>  to quit.


Overfull \hbox (5.50012pt too wide) in paragraph at lines 239--239
[]\OT1/cmr/m/n/10 (b)
 []


Overfull \hbox (5.50012pt too wide) in paragraph at lines 239--239
|\OT1/cmr/m/n/10 On
 []


Overfull \hbox (5.00009pt too wide) in paragraph at lines 239--239
\OT1/cmr/m/n/10 sil-
 []


Underfull \hbox (badness 10000) in paragraph at lines 239--239
\OT1/cmr/m/n/10 i-
 []


Overfull \hbox (7.16678pt too wide) in paragraph at lines 239--239
\OT1/cmr/m/n/10 con
 []


Overfull \hbox (18.30568pt too wide) in paragraph at lines 239--239
\OT1/cmr/m/n/10 wafer.
 []


Overfull \hbox (4.4573pt too wide) in paragraph at lines 239--239
\OML/cmm/m/it/10 ^^R[]$
 []


Underfull \hbox (badness 10000) in paragraph at lines 239--239
\OT1/cmr/m/n/10 =
 []


Overfull \hbox (9.30557pt too wide) in paragraph at lines 239--239
\OML/cmm/m/it/10 ! \OT1/cmr/m/n/10 =
 []


Overfull \hbox (4.54178pt too wide) in paragraph at lines 239--239
\OT1/cmr/m/n/10 5$$[]$.| 
 []

[10] [11]

! LaTeX Error: File `noGlass_t' not found.

See the LaTeX manual or LaTeX Companion for explanation.
Type  H <return>  for immediate help.
 ...                                              
                                                  
l.249 ...graphics[width=0.4\textwidth]{noGlass_t}}
                                                  
I could not locate the file with any of these extensions:
.eps,.ps,.eps.gz,.ps.gz,.eps.Z
Try typing  <return>  to proceed.
If that doesn't work, type  X <return>  to quit.


Overfull \hbox (8.86119pt too wide) in paragraph at lines 249--249
[]\OT1/cmr/m/n/10 (a)
 []


Overfull \hbox (8.5834pt too wide) in paragraph at lines 249--249
|\OT1/cmr/m/n/10 No
 []


Overfull \hbox (14.47229pt too wide) in paragraph at lines 249--249
\OT1/cmr/m/n/10 sub-
 []


Overfull \hbox (21.16675pt too wide) in paragraph at lines 249--249
\OT1/cmr/m/n/10 strate
 []


Overfull \hbox (18.86119pt too wide) in paragraph at lines 249--249
\OT1/cmr/m/n/10 with-
 []


Overfull \hbox (10.52786pt too wide) in paragraph at lines 249--249
\OT1/cmr/m/n/10 out
 []


Overfull \hbox (8.02783pt too wide) in paragraph at lines 249--249
\OT1/cmr/m/n/10 He
 []


Overfull \hbox (49.41682pt too wide) in paragraph at lines 249--249
\OT1/cmr/m/n/10 (NSWOHe).
 []


Overfull \hbox (3.86118pt too wide) in paragraph at lines 249--249
\OT1/cmr/m/n/10 [0
 []


Overfull \hbox (18.86122pt too wide) in paragraph at lines 249--249
\OT1/cmr/m/n/10 2400]| 
 []


! LaTeX Error: File `noGlass_t_he' not found.

See the LaTeX manual or LaTeX Companion for explanation.
Type  H <return>  for immediate help.
 ...                                              
                                                  
l.252 ...phics[width=0.4\textwidth]{noGlass_t_he}}
                                                  
I could not locate the file with any of these extensions:
.eps,.ps,.eps.gz,.ps.gz,.eps.Z
Try typing  <return>  to proceed.
If that doesn't work, type  X <return>  to quit.


Overfull \hbox (9.41675pt too wide) in paragraph at lines 252--252
[]\OT1/cmr/m/n/10 (b)
 []


Overfull \hbox (8.5834pt too wide) in paragraph at lines 252--252
|\OT1/cmr/m/n/10 No
 []


Overfull \hbox (14.47229pt too wide) in paragraph at lines 252--252
\OT1/cmr/m/n/10 sub-
 []


Overfull \hbox (21.16675pt too wide) in paragraph at lines 252--252
\OT1/cmr/m/n/10 strate
 []


Overfull \hbox (15.52786pt too wide) in paragraph at lines 252--252
\OT1/cmr/m/n/10 with
 []


Overfull \hbox (8.02783pt too wide) in paragraph at lines 252--252
\OT1/cmr/m/n/10 He
 []


Overfull \hbox (41.91681pt too wide) in paragraph at lines 252--252
\OT1/cmr/m/n/10 (NSWHe).
 []


Overfull \hbox (3.86118pt too wide) in paragraph at lines 252--252
\OT1/cmr/m/n/10 [0
 []


Overfull \hbox (13.8612pt too wide) in paragraph at lines 252--252
\OT1/cmr/m/n/10 800]| 
 []


! LaTeX Error: File `glass_t' not found.

See the LaTeX manual or LaTeX Companion for explanation.
Type  H <return>  for immediate help.
 ...                                              
                                                  
l.255 ...degraphics[width=0.4\textwidth]{glass_t}}
                                                  
I could not locate the file with any of these extensions:
.eps,.ps,.eps.gz,.ps.gz,.eps.Z
Try typing  <return>  to proceed.
If that doesn't work, type  X <return>  to quit.


Overfull \hbox (8.30562pt too wide) in paragraph at lines 255--255
[]\OT1/cmr/m/n/10 (c)
 []


Overfull \hbox (19.59729pt too wide) in paragraph at lines 255--255
|\OT1/cmr/m/n/10 Glass
 []


Overfull \hbox (18.86119pt too wide) in paragraph at lines 255--255
\OT1/cmr/m/n/10 with-
 []


Overfull \hbox (10.52786pt too wide) in paragraph at lines 255--255
\OT1/cmr/m/n/10 out
 []


Overfull \hbox (8.02783pt too wide) in paragraph at lines 255--255
\OT1/cmr/m/n/10 He
 []


Overfull \hbox (44.20847pt too wide) in paragraph at lines 255--255
\OT1/cmr/m/n/10 (GWOHe).
 []


Overfull \hbox (3.86118pt too wide) in paragraph at lines 255--255
\OT1/cmr/m/n/10 [0
 []


Overfull \hbox (18.86122pt too wide) in paragraph at lines 255--255
\OT1/cmr/m/n/10 1200]| 
 []


! LaTeX Error: File `glass_t_he' not found.

See the LaTeX manual or LaTeX Companion for explanation.
Type  H <return>  for immediate help.
 ...                                              
                                                  
l.258 ...raphics[width=0.4\textwidth]{glass_t_he}}
                                                  
I could not locate the file with any of these extensions:
.eps,.ps,.eps.gz,.ps.gz,.eps.Z
Try typing  <return>  to proceed.
If that doesn't work, type  X <return>  to quit.


Overfull \hbox (9.41675pt too wide) in paragraph at lines 258--258
[]\OT1/cmr/m/n/10 (d)
 []


Overfull \hbox (19.59729pt too wide) in paragraph at lines 258--258
|\OT1/cmr/m/n/10 Glass
 []


Overfull \hbox (15.52786pt too wide) in paragraph at lines 258--258
\OT1/cmr/m/n/10 with
 []


Overfull \hbox (8.02783pt too wide) in paragraph at lines 258--258
\OT1/cmr/m/n/10 He
 []


Overfull \hbox (36.70845pt too wide) in paragraph at lines 258--258
\OT1/cmr/m/n/10 (GWHe).
 []


Overfull \hbox (3.86118pt too wide) in paragraph at lines 258--258
\OT1/cmr/m/n/10 [0
 []


Overfull \hbox (18.86122pt too wide) in paragraph at lines 258--258
\OT1/cmr/m/n/10 1200]| 
 []

[12]

! LaTeX Error: File `GlassScatteringQrplot1' not found.

See the LaTeX manual or LaTeX Companion for explanation.
Type  H <return>  for immediate help.
 ...                                              
                                                  
l.273 		\label{fig:GlassQrplot}}
                                
I could not locate the file with any of these extensions:
.eps,.ps,.eps.gz,.ps.gz,.eps.Z
Try typing  <return>  to proceed.
If that doesn't work, type  X <return>  to quit.


Overfull \hbox (4.94456pt too wide) in paragraph at lines 273--273
[]\OT1/cmr/m/n/10 (a)
 []


Overfull \hbox (2.23273pt too wide) in paragraph at lines 273--273
|$\OML/cmm/m/it/10 p[]$
 []


Overfull \hbox (9.38902pt too wide) in paragraph at lines 273--273
\OT1/cmr/m/n/10 plot
 []


Overfull \hbox (15.50015pt too wide) in paragraph at lines 273--273
\OT1/cmr/m/n/10 along
 []


Overfull \hbox (6.05566pt too wide) in paragraph at lines 273--273
\OT1/cmr/m/n/10 the
 []


Overfull \hbox (12.75012pt too wide) in paragraph at lines 273--273
\OT1/cmr/m/n/10 hori-
 []


Overfull \hbox (7.16678pt too wide) in paragraph at lines 273--273
\OT1/cmr/m/n/10 zon| 
 []


! LaTeX Error: File `GlassScatteringQzplot1' not found.

See the LaTeX manual or LaTeX Companion for explanation.
Type  H <return>  for immediate help.
 ...                                              
                                                  
l.276 		\label{fig:GlassQzplot}}
                                
I could not locate the file with any of these extensions:
.eps,.ps,.eps.gz,.ps.gz,.eps.Z
Try typing  <return>  to proceed.
If that doesn't work, type  X <return>  to quit.


Overfull \hbox (5.50012pt too wide) in paragraph at lines 276--276
[]\OT1/cmr/m/n/10 (b)
 []


Overfull \hbox (1.80568pt too wide) in paragraph at lines 276--276
|$\OML/cmm/m/it/10 p[]$
 []


Overfull \hbox (9.38902pt too wide) in paragraph at lines 276--276
\OT1/cmr/m/n/10 plot
 []


Overfull \hbox (15.50015pt too wide) in paragraph at lines 276--276
\OT1/cmr/m/n/10 along
 []


Overfull \hbox (6.05566pt too wide) in paragraph at lines 276--276
\OT1/cmr/m/n/10 the
 []


Overfull \hbox (20.52791pt too wide) in paragraph at lines 276--276
\OT1/cmr/m/n/10 merid-
 []


Overfull \hbox (5.50012pt too wide) in paragraph at lines 276--276
\OT1/cmr/m/n/10 ian| 
 []

[13]

! LaTeX Error: File `TransmissionGeometry' not found.

See the LaTeX manual or LaTeX Companion for explanation.
Type  H <return>  for immediate help.
 ...                                              
                                                  
l.290 ...idth=0.5\textwidth]{TransmissionGeometry}
                                                  
I could not locate the file with any of these extensions:
.eps,.ps,.eps.gz,.ps.gz,.eps.Z
Try typing  <return>  to proceed.
If that doesn't work, type  X <return>  to quit.


! LaTeX Error: File `GeometricBroadening1' not found.

See the LaTeX manual or LaTeX Companion for explanation.
Type  H <return>  for immediate help.
 ...                                              
                                                  
l.296 ...idth=0.5\textwidth]{GeometricBroadening1}
                                                  
I could not locate the file with any of these extensions:
.eps,.ps,.eps.gz,.ps.gz,.eps.Z
Try typing  <return>  to proceed.
If that doesn't work, type  X <return>  to quit.


! LaTeX Error: File `GeometricBroadening2' not found.

See the LaTeX manual or LaTeX Companion for explanation.
Type  H <return>  for immediate help.
 ...                                              
                                                  
l.303 ...dth=0.5\textwidth]{GeometricBroadening2}}
                                                  
I could not locate the file with any of these extensions:
.eps,.ps,.eps.gz,.ps.gz,.eps.Z
Try typing  <return>  to proceed.
If that doesn't work, type  X <return>  to quit.


Overfull \hbox (8.86119pt too wide) in paragraph at lines 303--303
[]\OT1/cmr/m/n/10 (a)
 []


Overfull \hbox (32.47232pt too wide) in paragraph at lines 303--303
|\OT1/cmr/m/n/10 Topview| 
 []


! LaTeX Error: File `GeometricBroadening3' not found.

See the LaTeX manual or LaTeX Companion for explanation.
Type  H <return>  for immediate help.
 ...                                              
                                                  
l.306 ...dth=0.5\textwidth]{GeometricBroadening3}}
                                                  
I could not locate the file with any of these extensions:
.eps,.ps,.eps.gz,.ps.gz,.eps.Z
Try typing  <return>  to proceed.
If that doesn't work, type  X <return>  to quit.


Overfull \hbox (9.41675pt too wide) in paragraph at lines 306--306
[]\OT1/cmr/m/n/10 (b)
 []


Overfull \hbox (17.75008pt too wide) in paragraph at lines 306--306
|\OT1/cmr/m/n/10 Side-
 []


Overfull \hbox (15.80563pt too wide) in paragraph at lines 306--306
\OT1/cmr/m/n/10 view| 
 []


! LaTeX Error: File `GeometricBroadening4' not found.

See the LaTeX manual or LaTeX Companion for explanation.
Type  H <return>  for immediate help.
 ...                                              
                                                  
l.312 ...th = 0.3\textwidth]{GeometricBroadening4}
                                                  
I could not locate the file with any of these extensions:
.eps,.ps,.eps.gz,.ps.gz,.eps.Z
Try typing  <return>  to proceed.
If that doesn't work, type  X <return>  to quit.

[14] [15]

! LaTeX Error: File `gel_g52_20' not found.

See the LaTeX manual or LaTeX Companion for explanation.
Type  H <return>  for immediate help.
 ...                                              
                                                  
l.325 		\label{fig:GelDspace1}}
                               
I could not locate the file with any of these extensions:
.eps,.ps,.eps.gz,.ps.gz,.eps.Z
Try typing  <return>  to proceed.
If that doesn't work, type  X <return>  to quit.


Overfull \hbox (4.94456pt too wide) in paragraph at lines 325--325
[]\OT1/cmr/m/n/10 (a)
 []


Underfull \hbox (badness 10000) in paragraph at lines 325--325
|$\OML/cmm/m/it/10 !$
 []


Underfull \hbox (badness 10000) in paragraph at lines 325--325
\OT1/cmr/m/n/10 =
 []


Overfull \hbox (4.54178pt too wide) in paragraph at lines 325--325
\OT1/cmr/m/n/10 3$[]$.
 []


Underfull \hbox (badness 10000) in paragraph at lines 325--325
\OML/cmm/m/it/10 s$
 []


Underfull \hbox (badness 10000) in paragraph at lines 325--325
\OT1/cmr/m/n/10 =
 []


Overfull \hbox (19.94461pt too wide) in paragraph at lines 325--325
\OT1/cmr/m/n/10 122.60
 []


Overfull \hbox (11.61125pt too wide) in paragraph at lines 325--325
\OT1/cmr/m/n/10 mm.| 
 []


! LaTeX Error: File `gel_laxs_qzplot1' not found.

See the LaTeX manual or LaTeX Companion for explanation.
Type  H <return>  for immediate help.
 ...                                              
                                                  
l.329 		\label{fig:GelDspace2}}
                               
I could not locate the file with any of these extensions:
.eps,.ps,.eps.gz,.ps.gz,.eps.Z
Try typing  <return>  to proceed.
If that doesn't work, type  X <return>  to quit.


Overfull \hbox (5.50012pt too wide) in paragraph at lines 329--329
[]\OT1/cmr/m/n/10 (b)
 []


Underfull \hbox (badness 10000) in paragraph at lines 329--329
|$\OML/cmm/m/it/10 !$
 []


Underfull \hbox (badness 10000) in paragraph at lines 329--329
\OT1/cmr/m/n/10 =
 []


Overfull \hbox (4.54178pt too wide) in paragraph at lines 329--329
\OT1/cmr/m/n/10 3$[]$.
 []


Overfull \hbox (1.23856pt too wide) in paragraph at lines 329--329
\OML/cmm/m/it/10 q[]$
 []


Overfull \hbox (9.38902pt too wide) in paragraph at lines 329--329
\OT1/cmr/m/n/10 plot
 []


Overfull \hbox (15.50015pt too wide) in paragraph at lines 329--329
\OT1/cmr/m/n/10 along
 []


Overfull \hbox (6.05566pt too wide) in paragraph at lines 329--329
\OT1/cmr/m/n/10 the
 []


Overfull \hbox (20.52791pt too wide) in paragraph at lines 329--329
\OT1/cmr/m/n/10 merid-
 []


Overfull \hbox (8.27791pt too wide) in paragraph at lines 329--329
\OT1/cmr/m/n/10 ian.
 []


Underfull \hbox (badness 10000) in paragraph at lines 329--329
\OT1/cmr/m/n/10 2,
 []


Underfull \hbox (badness 10000) in paragraph at lines 329--329
\OT1/cmr/m/n/10 3,
 []


Underfull \hbox (badness 10000) in paragraph at lines 329--329
\OT1/cmr/m/n/10 4,
 []


Underfull \hbox (badness 10000) in paragraph at lines 329--329
\OT1/cmr/m/n/10 5,
 []


Overfull \hbox (8.27791pt too wide) in paragraph at lines 329--329
\OT1/cmr/m/n/10 and
 []


Overfull \hbox (6.61124pt too wide) in paragraph at lines 329--329
\OT1/cmr/m/n/10 7th
 []


Overfull \hbox (16.66681pt too wide) in paragraph at lines 329--329
\OT1/cmr/m/n/10 peaks
 []


Overfull \hbox (11.91675pt too wide) in paragraph at lines 329--329
\OT1/cmr/m/n/10 were
 []


Overfull \hbox (4.94455pt too wide) in paragraph at lines 329--329
\OT1/cmr/m/n/10 fit-
 []


Overfull \hbox (8.83345pt too wide) in paragraph at lines 329--329
\OT1/cmr/m/n/10 ted.| 
 []


! LaTeX Error: File `gel_g52_22' not found.

See the LaTeX manual or LaTeX Companion for explanation.
Type  H <return>  for immediate help.
 ...                                              
                                                  
l.333 		\label{fig:GelDspace3}}
                               
I could not locate the file with any of these extensions:
.eps,.ps,.eps.gz,.ps.gz,.eps.Z
Try typing  <return>  to proceed.
If that doesn't work, type  X <return>  to quit.


Overfull \hbox (4.38899pt too wide) in paragraph at lines 333--333
[]\OT1/cmr/m/n/10 (c)
 []


Underfull \hbox (badness 10000) in paragraph at lines 333--333
|$\OML/cmm/m/it/10 !$
 []


Underfull \hbox (badness 10000) in paragraph at lines 333--333
\OT1/cmr/m/n/10 =
 []


Overfull \hbox (4.54178pt too wide) in paragraph at lines 333--333
\OT1/cmr/m/n/10 5$[]$.
 []


Underfull \hbox (badness 10000) in paragraph at lines 333--333
\OML/cmm/m/it/10 s$
 []


Underfull \hbox (badness 10000) in paragraph at lines 333--333
\OT1/cmr/m/n/10 =
 []


Overfull \hbox (19.94461pt too wide) in paragraph at lines 333--333
\OT1/cmr/m/n/10 123.29
 []


Overfull \hbox (11.61125pt too wide) in paragraph at lines 333--333
\OT1/cmr/m/n/10 mm.| 
 []


! LaTeX Error: File `gel_laxs_qzplot2' not found.

See the LaTeX manual or LaTeX Companion for explanation.
Type  H <return>  for immediate help.
 ...                                              
                                                  
l.337 		\label{fig:GelDspace4}}
                               
I could not locate the file with any of these extensions:
.eps,.ps,.eps.gz,.ps.gz,.eps.Z
Try typing  <return>  to proceed.
If that doesn't work, type  X <return>  to quit.


Overfull \hbox (5.50012pt too wide) in paragraph at lines 337--337
[]\OT1/cmr/m/n/10 (d)
 []


Underfull \hbox (badness 10000) in paragraph at lines 337--337
|$\OML/cmm/m/it/10 !$
 []


Underfull \hbox (badness 10000) in paragraph at lines 337--337
\OT1/cmr/m/n/10 =
 []


Overfull \hbox (4.54178pt too wide) in paragraph at lines 337--337
\OT1/cmr/m/n/10 5$[]$.
 []


Overfull \hbox (1.23856pt too wide) in paragraph at lines 337--337
\OML/cmm/m/it/10 q[]$
 []


Overfull \hbox (9.38902pt too wide) in paragraph at lines 337--337
\OT1/cmr/m/n/10 plot
 []


Overfull \hbox (15.50015pt too wide) in paragraph at lines 337--337
\OT1/cmr/m/n/10 along
 []


Overfull \hbox (6.05566pt too wide) in paragraph at lines 337--337
\OT1/cmr/m/n/10 the
 []


Overfull \hbox (20.52791pt too wide) in paragraph at lines 337--337
\OT1/cmr/m/n/10 merid-
 []


Overfull \hbox (8.27791pt too wide) in paragraph at lines 337--337
\OT1/cmr/m/n/10 ian.
 []


Underfull \hbox (badness 10000) in paragraph at lines 337--337
\OT1/cmr/m/n/10 4,
 []


Underfull \hbox (badness 10000) in paragraph at lines 337--337
\OT1/cmr/m/n/10 5,
 []


Overfull \hbox (8.27791pt too wide) in paragraph at lines 337--337
\OT1/cmr/m/n/10 and
 []


Overfull \hbox (6.61124pt too wide) in paragraph at lines 337--337
\OT1/cmr/m/n/10 7th
 []


Overfull \hbox (16.66681pt too wide) in paragraph at lines 337--337
\OT1/cmr/m/n/10 peaks
 []


Overfull \hbox (11.91675pt too wide) in paragraph at lines 337--337
\OT1/cmr/m/n/10 were
 []


Overfull \hbox (4.94455pt too wide) in paragraph at lines 337--337
\OT1/cmr/m/n/10 fit-
 []


Overfull \hbox (8.83345pt too wide) in paragraph at lines 337--337
\OT1/cmr/m/n/10 ted.| 
 []

[16]

! LaTeX Error: File `gel_t52_smpl' not found.

See the LaTeX manual or LaTeX Companion for explanation.
Type  H <return>  for immediate help.
 ...                                              
                                                  
l.349 		\label{fig:GelSample}}
                              
I could not locate the file with any of these extensions:
.eps,.ps,.eps.gz,.ps.gz,.eps.Z
Try typing  <return>  to proceed.
If that doesn't work, type  X <return>  to quit.


Overfull \hbox (4.94456pt too wide) in paragraph at lines 349--349
[]\OT1/cmr/m/n/10 (a)
 []


Overfull \hbox (14.389pt too wide) in paragraph at lines 349--349
|\OT1/cmr/m/n/10 Scat-
 []


Overfull \hbox (7.75009pt too wide) in paragraph at lines 349--349
\OT1/cmr/m/n/10 ter-
 []


Overfull \hbox (5.50012pt too wide) in paragraph at lines 349--349
\OT1/cmr/m/n/10 ing
 []


Overfull \hbox (12.47237pt too wide) in paragraph at lines 349--349
\OT1/cmr/m/n/10 from
 []


Overfull \hbox (7.19455pt too wide) in paragraph at lines 349--349
\OT1/cmr/m/n/10 ori-
 []


Overfull \hbox (15.7779pt too wide) in paragraph at lines 349--349
\OT1/cmr/m/n/10 ented
 []


Overfull \hbox (3.83344pt too wide) in paragraph at lines 349--349
\OT1/cmr/m/n/10 bi-
 []


Overfull \hbox (8.2779pt too wide) in paragraph at lines 349--349
\OT1/cmr/m/n/10 lay-
 []


Overfull \hbox (4.4723pt too wide) in paragraph at lines 349--349
\OT1/cmr/m/n/10 ers
 []


Overfull \hbox (4.38899pt too wide) in paragraph at lines 349--349
\OT1/cmr/m/n/10 gel
 []


Overfull \hbox (16.6668pt too wide) in paragraph at lines 349--349
\OT1/cmr/m/n/10 phase
 []


Overfull \hbox (23.00014pt too wide) in paragraph at lines 349--349
\OT1/cmr/m/n/10 DMPC
 []


Overfull \hbox (16.0557pt too wide) in paragraph at lines 349--349
\OT1/cmr/m/n/10 taken
 []


Overfull \hbox (1.05566pt too wide) in paragraph at lines 349--349
\OT1/cmr/m/n/10 at
 []


Overfull \hbox (9.30557pt too wide) in paragraph at lines 349--349
\OML/cmm/m/it/10 ! \OT1/cmr/m/n/10 =
 []


Overfull \hbox (9.5418pt too wide) in paragraph at lines 349--349
\OT1/cmr/m/n/10 45$$[]$.
 []


Overfull \hbox (12.33347pt too wide) in paragraph at lines 349--349
\OT1/cmr/m/n/10 Four
 []


Overfull \hbox (26.38907pt too wide) in paragraph at lines 349--349
\OT1/cmr/m/n/10 2x1200s
 []


Overfull \hbox (6.05568pt too wide) in paragraph at lines 349--349
\OT1/cmr/m/n/10 (20
 []


Overfull \hbox (12.1668pt too wide) in paragraph at lines 349--349
\OT1/cmr/m/n/10 min-
 []


Overfull \hbox (12.7779pt too wide) in paragraph at lines 349--349
\OT1/cmr/m/n/10 utes,
 []


Overfull \hbox (18.2779pt too wide) in paragraph at lines 349--349
\OT1/cmr/m/n/10 dezin-
 []


Overfull \hbox (19.4168pt too wide) in paragraph at lines 349--349
\OT1/cmr/m/n/10 gered)
 []


Overfull \hbox (6.61122pt too wide) in paragraph at lines 349--349
\OT1/cmr/m/n/10 im-
 []


Overfull \hbox (10.55566pt too wide) in paragraph at lines 349--349
\OT1/cmr/m/n/10 ages
 []


Overfull \hbox (5.52788pt too wide) in paragraph at lines 349--349
\OT1/cmr/m/n/10 are
 []


Overfull \hbox (18.27792pt too wide) in paragraph at lines 349--349
\OT1/cmr/m/n/10 added
 []


Overfull \hbox (4.38899pt too wide) in paragraph at lines 349--349
\OT1/cmr/m/n/10 to-
 []


Overfull \hbox (19.4168pt too wide) in paragraph at lines 349--349
\OT1/cmr/m/n/10 gether
 []


Overfull \hbox (4.139pt too wide) in paragraph at lines 349--349
\OT1/cmr/m/n/10 for
 []


Underfull \hbox (badness 10000) in paragraph at lines 349--349
\OT1/cmr/m/n/10 a
 []


Overfull \hbox (9.66678pt too wide) in paragraph at lines 349--349
\OT1/cmr/m/n/10 bet-
 []


Overfull \hbox (4.41676pt too wide) in paragraph at lines 349--349
\OT1/cmr/m/n/10 ter
 []


Overfull \hbox (20.5557pt too wide) in paragraph at lines 349--349
\OT1/cmr/m/n/10 signal-
 []


Overfull \hbox (4.38899pt too wide) in paragraph at lines 349--349
\OT1/cmr/m/n/10 to-
 []


Overfull \hbox (13.889pt too wide) in paragraph at lines 349--349
\OT1/cmr/m/n/10 noise
 []


Overfull \hbox (4.41676pt too wide) in paragraph at lines 349--349
\OT1/cmr/m/n/10 ra-
 []


Overfull \hbox (6.61124pt too wide) in paragraph at lines 349--349
\OT1/cmr/m/n/10 tio.| 
 []


! LaTeX Error: File `gel_t52_bkgnd' not found.

See the LaTeX manual or LaTeX Companion for explanation.
Type  H <return>  for immediate help.
 ...                                              
                                                  
l.353 	\label{fig:GelBackground}}
                                 
I could not locate the file with any of these extensions:
.eps,.ps,.eps.gz,.ps.gz,.eps.Z
Try typing  <return>  to proceed.
If that doesn't work, type  X <return>  to quit.


Overfull \hbox (5.50012pt too wide) in paragraph at lines 353--353
[]\OT1/cmr/m/n/10 (b)
 []


Overfull \hbox (14.389pt too wide) in paragraph at lines 353--353
|\OT1/cmr/m/n/10 Scat-
 []


Overfull \hbox (7.75009pt too wide) in paragraph at lines 353--353
\OT1/cmr/m/n/10 ter-
 []


Overfull \hbox (5.50012pt too wide) in paragraph at lines 353--353
\OT1/cmr/m/n/10 ing
 []


Overfull \hbox (12.47237pt too wide) in paragraph at lines 353--353
\OT1/cmr/m/n/10 from
 []


Overfull \hbox (6.05566pt too wide) in paragraph at lines 353--353
\OT1/cmr/m/n/10 the
 []


Overfull \hbox (10.55566pt too wide) in paragraph at lines 353--353
\OT1/cmr/m/n/10 sub-
 []


Overfull \hbox (17.25012pt too wide) in paragraph at lines 353--353
\OT1/cmr/m/n/10 strate
 []


Overfull \hbox (16.0557pt too wide) in paragraph at lines 353--353
\OT1/cmr/m/n/10 taken
 []


Overfull \hbox (1.05566pt too wide) in paragraph at lines 353--353
\OT1/cmr/m/n/10 at
 []


Overfull \hbox (9.30557pt too wide) in paragraph at lines 353--353
\OML/cmm/m/it/10 ! \OT1/cmr/m/n/10 =
 []


Overfull \hbox (9.5418pt too wide) in paragraph at lines 353--353
\OT1/cmr/m/n/10 45$$[]$,
 []


Overfull \hbox (17.1668pt too wide) in paragraph at lines 353--353
\OT1/cmr/m/n/10 called
 []


Overfull \hbox (11.88902pt too wide) in paragraph at lines 353--353
\OT1/cmr/m/n/10 light
 []


Overfull \hbox (15.50012pt too wide) in paragraph at lines 353--353
\OT1/cmr/m/n/10 back-
 []


Overfull \hbox (25.52795pt too wide) in paragraph at lines 353--353
\OT1/cmr/m/n/10 ground.
 []


Overfull \hbox (12.33347pt too wide) in paragraph at lines 353--353
\OT1/cmr/m/n/10 Four
 []


Overfull \hbox (26.38907pt too wide) in paragraph at lines 353--353
\OT1/cmr/m/n/10 2x1200s
 []


Overfull \hbox (6.61122pt too wide) in paragraph at lines 353--353
\OT1/cmr/m/n/10 im-
 []


Overfull \hbox (10.55566pt too wide) in paragraph at lines 353--353
\OT1/cmr/m/n/10 ages
 []


Overfull \hbox (5.52788pt too wide) in paragraph at lines 353--353
\OT1/cmr/m/n/10 are
 []


Overfull \hbox (18.27792pt too wide) in paragraph at lines 353--353
\OT1/cmr/m/n/10 added
 []


Overfull \hbox (4.38899pt too wide) in paragraph at lines 353--353
\OT1/cmr/m/n/10 to-
 []


Overfull \hbox (22.19458pt too wide) in paragraph at lines 353--353
\OT1/cmr/m/n/10 gether.| 
 []


! LaTeX Error: File `gel_t52' not found.

See the LaTeX manual or LaTeX Companion for explanation.
Type  H <return>  for immediate help.
 ...                                              
                                                  
l.359 ...udegraphics[width=0.6\textwidth]{gel_t52}
                                                  
I could not locate the file with any of these extensions:
.eps,.ps,.eps.gz,.ps.gz,.eps.Z
Try typing  <return>  to proceed.
If that doesn't work, type  X <return>  to quit.

[17] [18]

! LaTeX Error: File `gel_t52_trans' not found.

See the LaTeX manual or LaTeX Companion for explanation.
Type  H <return>  for immediate help.
 ...                                              
                                                  
l.371 ...phics[width=0.6\textwidth]{gel_t52_trans}
                                                  
I could not locate the file with any of these extensions:
.eps,.ps,.eps.gz,.ps.gz,.eps.Z
Try typing  <return>  to proceed.
If that doesn't work, type  X <return>  to quit.

[19]

! LaTeX Error: File `gel_t52_rot_trans' not found.

See the LaTeX manual or LaTeX Companion for explanation.
Type  H <return>  for immediate help.
 ...                                              
                                                  
l.383 ...s[width=0.4\textwidth]{gel_t52_rot_trans}
                                                  
I could not locate the file with any of these extensions:
.eps,.ps,.eps.gz,.ps.gz,.eps.Z
Try typing  <return>  to proceed.
If that doesn't work, type  X <return>  to quit.


! LaTeX Error: File `gel_20peak_qrplot1' not found.

See the LaTeX manual or LaTeX Companion for explanation.
Type  H <return>  for immediate help.
 ...                                              
                                                  
l.402 ...width=0.45\textwidth]{gel_20peak_qrplot1}
                                                  
I could not locate the file with any of these extensions:
.eps,.ps,.eps.gz,.ps.gz,.eps.Z
Try typing  <return>  to proceed.
If that doesn't work, type  X <return>  to quit.


! LaTeX Error: File `gel_20peak_qrplot2' not found.

See the LaTeX manual or LaTeX Companion for explanation.
Type  H <return>  for immediate help.
 ...                                              
                                                  
l.404 ...width=0.45\textwidth]{gel_20peak_qrplot2}
                                                  
I could not locate the file with any of these extensions:
.eps,.ps,.eps.gz,.ps.gz,.eps.Z
Try typing  <return>  to proceed.
If that doesn't work, type  X <return>  to quit.


! LaTeX Error: File `gel_20peak_qzplot1' not found.

See the LaTeX manual or LaTeX Companion for explanation.
Type  H <return>  for immediate help.
 ...                                              
                                                  
l.445 ...ics[width=\linewidth]{gel_20peak_qzplot1}
                                                  
I could not locate the file with any of these extensions:
.eps,.ps,.eps.gz,.ps.gz,.eps.Z
Try typing  <return>  to proceed.
If that doesn't work, type  X <return>  to quit.


! LaTeX Error: File `gel_20peak_qzplot2' not found.

See the LaTeX manual or LaTeX Companion for explanation.
Type  H <return>  for immediate help.
 ...                                              
                                                  
l.449 ...ics[width=\linewidth]{gel_20peak_qzplot2}
                                                  
I could not locate the file with any of these extensions:
.eps,.ps,.eps.gz,.ps.gz,.eps.Z
Try typing  <return>  to proceed.
If that doesn't work, type  X <return>  to quit.


! LaTeX Error: File `gel20qr' not found.

See the LaTeX manual or LaTeX Companion for explanation.
Type  H <return>  for immediate help.
 ...                                              
                                                  
l.498 ...udegraphics[width=0.5\textwidth]{gel20qr}
                                                  
I could not locate the file with any of these extensions:
.eps,.ps,.eps.gz,.ps.gz,.eps.Z
Try typing  <return>  to proceed.
If that doesn't work, type  X <return>  to quit.

[20] [21] [22]
Overfull \hbox (1.22382pt too wide) in paragraph at lines 513--513
[]\OT1/cmr/bx/n/17.28 Transmission ex-per-i-ment at 18 $[]$C: the rip-
 []


! LaTeX Error: File `ripple_t52_rot' not found.

See the LaTeX manual or LaTeX Companion for explanation.
Type  H <return>  for immediate help.
 ...                                              
                                                  
l.518 ...hics[width=0.5\textwidth]{ripple_t52_rot}
                                                  
I could not locate the file with any of these extensions:
.eps,.ps,.eps.gz,.ps.gz,.eps.Z
Try typing  <return>  to proceed.
If that doesn't work, type  X <return>  to quit.


! LaTeX Error: File `ripple_t52_rot_trans' not found.

See the LaTeX manual or LaTeX Companion for explanation.
Type  H <return>  for immediate help.
 ...                                              
                                                  
l.524 ...idth=0.5\textwidth]{ripple_t52_rot_trans}
                                                  
I could not locate the file with any of these extensions:
.eps,.ps,.eps.gz,.ps.gz,.eps.Z
Try typing  <return>  to proceed.
If that doesn't work, type  X <return>  to quit.

[23]

! LaTeX Error: File `Sun1996' not found.

See the LaTeX manual or LaTeX Companion for explanation.
Type  H <return>  for immediate help.
 ...                                              
                                                  
l.550 ...udegraphics[width=0.4\textwidth]{Sun1996}
                                                  
I could not locate the file with any of these extensions:
.eps,.ps,.eps.gz,.ps.gz,.eps.Z
Try typing  <return>  to proceed.
If that doesn't work, type  X <return>  to quit.

[24] [25] [26] (./transmission.aux)

LaTeX Warning: Label(s) may have changed. Rerun to get cross-references right.

 ) 
Here is how much of TeX's memory you used:
 3528 strings out of 495062
 51210 string characters out of 1182644
 113008 words of memory out of 3000000
 6452 multiletter control sequences out of 15000+50000
 19872 words of font info for 81 fonts, out of 3000000 for 9000
 28 hyphenation exceptions out of 8191
 44i,12n,45p,1463b,411s stack positions out of 5000i,500n,10000p,200000b,50000s

Output written on transmission.dvi (26 pages, 71728 bytes).
